<?xml version="1.0" encoding="UTF-8"?>
<testsuites name="update_basic_info" time="23" tests="3" failures="0" errors="0">
   <testsuite name="update_basic_info" tests="3" failures="0" errors="0" time="23" timestamp="2018-11-12 16:41:34" hostname="Administrator - Asha.jmandigital.in" id="Test Suites/update_basic_info">
      <properties>
         <property name="deviceName" value=""/>
         <property name="devicePlatform" value=""/>
         <property name="logFolder" value="C:\\Users\\Administrator\\Katalon Studio\\JIN\\Reports\\update_basic_info\\20181112_164132"/>
         <property name="logFiles" value="C:\\Users\\Administrator\\Katalon Studio\\JIN\\Reports\\update_basic_info\\20181112_164132\\execution0.log"/>
         <property name="attachments" value=""/>
         <property name="hostName" value="Administrator - Asha.jmandigital.in"/>
         <property name="os" value="Windows 10 32bit"/>
         <property name="katalonVersion" value="5.8.0.1"/>
         <property name="browser" value="Chrome 70.0.3538.77"/>
         <property name="hostAddress" value="192.168.0.37"/>
         <property name="sessionId" value="d6f90fb3915b51a0e0c8a0f5fda0aa7e"/>
         <property name="seleniumVersion" value="3.7.1"/>
         <property name="proxyInformation" value="ProxyInformation{proxyOption=NO_PROXY, proxyServerType=HTTP, password=, proxyServerAddress=, proxyServerPort=0}"/>
         <property name="platform" value="Windows 10"/>
      </properties>
      <testcase name="Test Cases/Login Page" classname="Test Cases/Login Page" status="PASSED">
         <system-out><![CDATA[2018-11-12 16:41:35 - [TEST_CASE][PASSED] - Test Cases/Login Page: Test Cases/Login Page

2018-11-12 16:41:35 - [TEST_STEP][PASSED] - comment: LOGIN TO JIN  USING VALID CREDENTIALS

2018-11-12 16:41:35 - [TEST_STEP][PASSED] - openBrowser: Browser is opened with url: ''

2018-11-12 16:41:42 - [MESSAGE][PASSED] - Browser is opened with url: ''

2018-11-12 16:41:42 - [TEST_STEP][PASSED] - maximizeWindow: Current window maximized

2018-11-12 16:41:44 - [MESSAGE][PASSED] - Current window maximized

2018-11-12 16:41:44 - [TEST_STEP][PASSED] - navigateToUrl: Navigate to 'http://192.168.0.28:5051/' successfully

2018-11-12 16:41:46 - [MESSAGE][PASSED] - Navigate to 'http://192.168.0.28:5051/' successfully

2018-11-12 16:41:46 - [TEST_STEP][PASSED] - setText: Text 'maddie@gmail.com' is set on object 'Object Repository/Page_JIN Login/input_JIN_email'

2018-11-12 16:41:48 - [MESSAGE][PASSED] - Text 'maddie@gmail.com' is set on object 'Object Repository/Page_JIN Login/input_JIN_email'

2018-11-12 16:41:48 - [TEST_STEP][PASSED] - setEncryptedText: Text ****** has been set on object 'Object Repository/Page_JIN Login/input_Email_password'

2018-11-12 16:41:48 - [MESSAGE][PASSED] - Text ****** has been set on object 'Object Repository/Page_JIN Login/input_Email_password'

2018-11-12 16:41:48 - [TEST_STEP][PASSED] - click: Object: 'Object Repository/Page_JIN Login/button_LOGIN' is clicked on

2018-11-12 16:41:48 - [MESSAGE][PASSED] - Object: 'Object Repository/Page_JIN Login/button_LOGIN' is clicked on

2018-11-12 16:41:48 - [TEST_STEP][PASSED] - verifyElementPresent: Object 'Object Repository/Page_Dashboard/span_Dashboard' is present

2018-11-12 16:41:48 - [MESSAGE][WARNING] - Timeout '0' is invalid. Using default page load timeout: '30'

2018-11-12 16:41:51 - [MESSAGE][PASSED] - Object 'Object Repository/Page_Dashboard/span_Dashboard' is present]]></system-out>
         <system-err><![CDATA[]]></system-err>
      </testcase>
      <testcase name="Test Cases/Profile" classname="Test Cases/Profile" status="PASSED">
         <system-out><![CDATA[2018-11-12 16:41:51 - [TEST_CASE][PASSED] - Test Cases/Profile: Test Cases/Profile

2018-11-12 16:41:51 - [TEST_STEP][PASSED] - comment: STEPS TO CLICK ON UPDATE PROFILE OF LOGGED IN USER

2018-11-12 16:41:51 - [TEST_STEP][PASSED] - click: Object: 'Object Repository/Page_Dashboard/i_arrow_drop_down' is clicked on

2018-11-12 16:41:51 - [MESSAGE][PASSED] - Object: 'Object Repository/Page_Dashboard/i_arrow_drop_down' is clicked on

2018-11-12 16:41:51 - [TEST_STEP][PASSED] - click: Object: 'Object Repository/Page_Dashboard/a_Profile' is clicked on

2018-11-12 16:41:52 - [MESSAGE][PASSED] - Object: 'Object Repository/Page_Dashboard/a_Profile' is clicked on

2018-11-12 16:41:52 - [TEST_STEP][PASSED] - click: Object: 'Object Repository/Page_User Profile/i_create' is clicked on

2018-11-12 16:41:53 - [MESSAGE][PASSED] - Object: 'Object Repository/Page_User Profile/i_create' is clicked on

2018-11-12 16:41:53 - [TEST_STEP][PASSED] - verifyElementPresent: Object 'Object Repository/Page_Basic Info/a_Basic Info' is present

2018-11-12 16:41:53 - [MESSAGE][WARNING] - Timeout '0' is invalid. Using default page load timeout: '30'

2018-11-12 16:41:53 - [MESSAGE][PASSED] - Object 'Object Repository/Page_Basic Info/a_Basic Info' is present]]></system-out>
         <system-err><![CDATA[]]></system-err>
      </testcase>
      <testcase name="Test Cases/basic_info" classname="Test Cases/basic_info" status="PASSED">
         <system-out><![CDATA[2018-11-12 16:41:53 - [TEST_CASE][PASSED] - Test Cases/basic_info: Test Cases/basic_info

2018-11-12 16:41:53 - [TEST_STEP][PASSED] - comment: TO UPDATE BASIC INFORMATION OF LOGGED IN USER 

2018-11-12 16:41:53 - [TEST_STEP][PASSED] - setText: Text '#1/2 , 5th A Cross ' is set on object 'Object Repository/Page_Basic Info/textarea__addr1'

2018-11-12 16:41:54 - [MESSAGE][PASSED] - Text '#1/2 , 5th A Cross ' is set on object 'Object Repository/Page_Basic Info/textarea__addr1'

2018-11-12 16:41:54 - [TEST_STEP][PASSED] - setText: Text 'Subbanna Garden , Vijayanagar' is set on object 'Object Repository/Page_Basic Info/textarea__addr2'

2018-11-12 16:41:55 - [MESSAGE][PASSED] - Text 'Subbanna Garden , Vijayanagar' is set on object 'Object Repository/Page_Basic Info/textarea__addr2'

2018-11-12 16:41:55 - [TEST_STEP][PASSED] - setText: Text 'Bengaluru' is set on object 'Object Repository/Page_Basic Info/input_Address line 2_city'

2018-11-12 16:41:56 - [MESSAGE][PASSED] - Text 'Bengaluru' is set on object 'Object Repository/Page_Basic Info/input_Address line 2_city'

2018-11-12 16:41:56 - [TEST_STEP][PASSED] - setText: Text 'Karnataka' is set on object 'Object Repository/Page_Basic Info/input__state'

2018-11-12 16:41:56 - [MESSAGE][PASSED] - Text 'Karnataka' is set on object 'Object Repository/Page_Basic Info/input__state'

2018-11-12 16:41:56 - [TEST_STEP][PASSED] - setText: Text '560040' is set on object 'Object Repository/Page_Basic Info/input__pin'

2018-11-12 16:41:56 - [MESSAGE][PASSED] - Text '560040' is set on object 'Object Repository/Page_Basic Info/input__pin'

2018-11-12 16:41:56 - [TEST_STEP][PASSED] - setText: Text '8123258018' is set on object 'Object Repository/Page_Basic Info/input__emergencyContact'

2018-11-12 16:41:57 - [MESSAGE][PASSED] - Text '8123258018' is set on object 'Object Repository/Page_Basic Info/input__emergencyContact'

2018-11-12 16:41:57 - [TEST_STEP][PASSED] - setText: Text 'Mother' is set on object 'Object Repository/Page_Basic Info/input__emergencyContactRelatio'

2018-11-12 16:41:57 - [MESSAGE][PASSED] - Text 'Mother' is set on object 'Object Repository/Page_Basic Info/input__emergencyContactRelatio'

2018-11-12 16:41:57 - [TEST_STEP][PASSED] - click: Object: 'Object Repository/Page_Basic Info/button_Update' is clicked on

2018-11-12 16:41:57 - [MESSAGE][PASSED] - Object: 'Object Repository/Page_Basic Info/button_Update' is clicked on]]></system-out>
         <system-err><![CDATA[]]></system-err>
      </testcase>
      <system-out><![CDATA[2018-11-12 16:41:34 - [TEST_SUITE][PASSED] - update_basic_info: Test Cases/basic_info]]></system-out>
      <system-err><![CDATA[]]></system-err>
   </testsuite>
</testsuites>
